c:\users\hp\desktop\附工程源文件\青岛交通\x64\debug\moc_qtguiapplication.obj
c:\users\hp\desktop\附工程源文件\青岛交通\x64\debug\main.obj
c:\users\hp\desktop\附工程源文件\青岛交通\x64\debug\qtguiapplication.obj
c:\users\hp\desktop\附工程源文件\青岛交通\x64\debug\mypen.obj
c:\users\hp\desktop\附工程源文件\青岛交通\x64\debug\afcd_win32.obj
c:\users\hp\desktop\附工程源文件\青岛交通\x64\debug\qrc_qtguiapplication.obj
c:\users\hp\desktop\附工程源文件\青岛交通\x64\debug\moc_mypen.obj
c:\users\hp\desktop\附工程源文件\青岛交通\x64\debug\mytip.obj
c:\users\hp\desktop\附工程源文件\青岛交通\x64\debug\moc_mytip.obj
c:\users\hp\desktop\附工程源文件\青岛交通\x64\debug\vc141.pdb
c:\users\hp\desktop\附工程源文件\青岛交通\bin\青岛交通.exe
c:\users\hp\desktop\附工程源文件\青岛交通\bin\青岛交通.ilk
c:\users\hp\desktop\附工程源文件\青岛交通\bin\青岛交通.pdb
c:\users\hp\desktop\附工程源文件\青岛交通\.\generatedfiles\debug\moc_qtguiapplication.cpp
c:\users\hp\desktop\附工程源文件\青岛交通\.\generatedfiles\debug\moc_mytip.cpp
c:\users\hp\desktop\附工程源文件\青岛交通\.\generatedfiles\debug\moc_mypen.cpp
c:\users\hp\desktop\附工程源文件\青岛交通\.\generatedfiles\qrc_qtguiapplication.cpp
c:\users\hp\desktop\附工程源文件\青岛交通\.\generatedfiles\ui_mytip.h
c:\users\hp\desktop\附工程源文件\青岛交通\.\generatedfiles\ui_qtguiapplication.h
c:\users\hp\desktop\附工程源文件\青岛交通\x64\debug\青岛交通.res
c:\users\hp\desktop\附工程源文件\青岛交通\generatedfiles\debug\moc_mypen.cpp
c:\users\hp\desktop\附工程源文件\青岛交通\generatedfiles\ui_qtguiapplication.h
c:\users\hp\desktop\附工程源文件\青岛交通\.\bin\青岛交通.exe
c:\users\hp\desktop\附工程源文件\青岛交通\x64\debug\青岛交通.tlog\cl.command.1.tlog
c:\users\hp\desktop\附工程源文件\青岛交通\x64\debug\青岛交通.tlog\cl.read.1.tlog
c:\users\hp\desktop\附工程源文件\青岛交通\x64\debug\青岛交通.tlog\cl.write.1.tlog
c:\users\hp\desktop\附工程源文件\青岛交通\x64\debug\青岛交通.tlog\link.command.1.tlog
c:\users\hp\desktop\附工程源文件\青岛交通\x64\debug\青岛交通.tlog\link.read.1.tlog
c:\users\hp\desktop\附工程源文件\青岛交通\x64\debug\青岛交通.tlog\link.write.1.tlog
c:\users\hp\desktop\附工程源文件\青岛交通\x64\debug\青岛交通.tlog\qtmoc.read.1u.tlog
c:\users\hp\desktop\附工程源文件\青岛交通\x64\debug\青岛交通.tlog\qtmoc.write.1u.tlog
c:\users\hp\desktop\附工程源文件\青岛交通\x64\debug\青岛交通.tlog\qtrcc.read.1u.tlog
c:\users\hp\desktop\附工程源文件\青岛交通\x64\debug\青岛交通.tlog\qtrcc.write.1u.tlog
c:\users\hp\desktop\附工程源文件\青岛交通\x64\debug\青岛交通.tlog\qtuic.read.1u.tlog
c:\users\hp\desktop\附工程源文件\青岛交通\x64\debug\青岛交通.tlog\qtuic.write.1u.tlog
c:\users\hp\desktop\附工程源文件\青岛交通\x64\debug\青岛交通.tlog\rc.command.1.tlog
c:\users\hp\desktop\附工程源文件\青岛交通\x64\debug\青岛交通.tlog\rc.read.1.tlog
c:\users\hp\desktop\附工程源文件\青岛交通\x64\debug\青岛交通.tlog\rc.write.1.tlog
c:\users\hp\desktop\附工程源文件\青岛交通\x64\debug\青岛交通.tlog\青岛交通.write.1u.tlog
