c:\users\hp\desktop\青岛交通\青岛交通\x64\release\moc_mytip.obj
c:\users\hp\desktop\青岛交通\青岛交通\x64\release\main.obj
c:\users\hp\desktop\青岛交通\青岛交通\x64\release\afcd_win32.obj
c:\users\hp\desktop\青岛交通\青岛交通\x64\release\mytip.obj
c:\users\hp\desktop\青岛交通\青岛交通\x64\release\qtguiapplication.obj
c:\users\hp\desktop\青岛交通\青岛交通\x64\release\qrc_qtguiapplication.obj
c:\users\hp\desktop\青岛交通\青岛交通\x64\release\moc_qtguiapplication.obj
c:\users\hp\desktop\青岛交通\x64\release\青岛交通.exe
c:\users\hp\desktop\青岛交通\青岛交通\.\generatedfiles\release\moc_qtguiapplication.cpp
c:\users\hp\desktop\青岛交通\青岛交通\.\generatedfiles\release\moc_mytip.cpp
c:\users\hp\desktop\青岛交通\青岛交通\.\generatedfiles\qrc_qtguiapplication.cpp
c:\users\hp\desktop\青岛交通\青岛交通\.\generatedfiles\ui_mytip.h
c:\users\hp\desktop\青岛交通\青岛交通\.\generatedfiles\ui_qtguiapplication.h
c:\users\hp\desktop\青岛交通\青岛交通\x64\release\青岛交通.res
c:\users\hp\desktop\青岛交通\青岛交通\generatedfiles\release\moc_qtguiapplication.cpp
c:\users\hp\desktop\青岛交通\青岛交通\generatedfiles\release\moc_mytip.cpp
c:\users\hp\desktop\青岛交通\青岛交通\generatedfiles\qrc_qtguiapplication.cpp
c:\users\hp\desktop\青岛交通\青岛交通\generatedfiles\ui_mytip.h
c:\users\hp\desktop\青岛交通\青岛交通\generatedfiles\ui_qtguiapplication.h
c:\users\hp\desktop\青岛交通\青岛交通\x64\release\青岛交通.tlog\cl.command.1.tlog
c:\users\hp\desktop\青岛交通\青岛交通\x64\release\青岛交通.tlog\cl.read.1.tlog
c:\users\hp\desktop\青岛交通\青岛交通\x64\release\青岛交通.tlog\cl.write.1.tlog
c:\users\hp\desktop\青岛交通\青岛交通\x64\release\青岛交通.tlog\link.command.1.tlog
c:\users\hp\desktop\青岛交通\青岛交通\x64\release\青岛交通.tlog\link.read.1.tlog
c:\users\hp\desktop\青岛交通\青岛交通\x64\release\青岛交通.tlog\link.write.1.tlog
c:\users\hp\desktop\青岛交通\青岛交通\x64\release\青岛交通.tlog\qtmoc.read.1u.tlog
c:\users\hp\desktop\青岛交通\青岛交通\x64\release\青岛交通.tlog\qtmoc.write.1u.tlog
c:\users\hp\desktop\青岛交通\青岛交通\x64\release\青岛交通.tlog\qtrcc.read.1u.tlog
c:\users\hp\desktop\青岛交通\青岛交通\x64\release\青岛交通.tlog\qtrcc.write.1u.tlog
c:\users\hp\desktop\青岛交通\青岛交通\x64\release\青岛交通.tlog\qtuic.read.1u.tlog
c:\users\hp\desktop\青岛交通\青岛交通\x64\release\青岛交通.tlog\qtuic.write.1u.tlog
c:\users\hp\desktop\青岛交通\青岛交通\x64\release\青岛交通.tlog\rc.command.1.tlog
c:\users\hp\desktop\青岛交通\青岛交通\x64\release\青岛交通.tlog\rc.read.1.tlog
c:\users\hp\desktop\青岛交通\青岛交通\x64\release\青岛交通.tlog\rc.write.1.tlog
c:\users\hp\desktop\青岛交通\青岛交通\x64\release\青岛交通.tlog\青岛交通.write.1u.tlog
